SF:lib/models/user.dart
DA:35,0
DA:69,1
DA:70,2
DA:71,2
DA:72,2
DA:73,2
DA:74,2
DA:75,2
DA:76,2
DA:77,2
DA:78,2
DA:79,2
DA:80,2
DA:81,2
DA:82,2
DA:83,2
DA:84,1
DA:85,2
DA:86,2
DA:87,0
DA:90,1
DA:91,2
DA:92,2
DA:93,0
DA:96,2
DA:97,2
DA:98,2
DA:99,2
DA:100,2
DA:101,2
DA:102,2
DA:103,2
DA:104,2
DA:105,2
DA:106,2
DA:107,2
DA:108,2
DA:109,2
DA:110,2
DA:111,2
DA:114,1
DA:115,1
DA:116,2
DA:117,2
DA:118,2
DA:119,2
DA:120,2
DA:121,2
DA:122,2
DA:123,2
DA:124,2
DA:125,2
DA:126,2
DA:127,2
DA:128,2
DA:129,2
DA:130,1
DA:131,4
DA:133,1
DA:134,1
DA:135,3
DA:137,2
DA:138,2
DA:139,2
DA:140,2
DA:141,2
DA:142,2
DA:143,2
DA:144,2
DA:145,2
DA:146,2
DA:147,2
DA:148,2
DA:149,2
DA:150,2
DA:151,2
DA:152,2
DA:165,0
DA:173,0
DA:174,0
DA:175,0
DA:176,0
DA:177,0
DA:178,0
DA:179,0
DA:182,0
DA:183,0
DA:184,0
DA:185,0
DA:186,0
DA:187,0
DA:188,0
DA:189,0
LF:93
LH:74
end_of_record
SF:lib/models/auth_pkce.dart
DA:12,2
DA:13,2
DA:14,2
DA:15,0
DA:18,0
DA:19,0
DA:22,0
DA:24,0
DA:27,0
DA:29,2
DA:30,4
DA:31,6
DA:32,4
DA:35,2
DA:36,6
DA:38,4
DA:39,2
DA:40,2
DA:41,2
LF:19
LH:13
end_of_record
SF:lib/models/token.dart
DA:8,4
DA:9,0
DA:11,2
DA:19,2
DA:20,2
DA:21,2
DA:22,2
DA:23,2
DA:25,8
DA:26,2
LF:10
LH:9
end_of_record
SF:lib/redux/authentication/actions.dart
DA:13,1
DA:18,0
DA:23,1
DA:26,0
LF:4
LH:2
end_of_record
SF:lib/redux/store.dart
DA:13,0
DA:15,0
DA:16,0
DA:21,0
DA:22,0
DA:23,0
DA:25,0
DA:26,0
DA:27,0
LF:9
LH:0
end_of_record
SF:lib/redux/authentication/reducer.dart
DA:5,0
DA:7,0
DA:8,0
DA:9,0
DA:13,1
DA:14,1
DA:15,1
DA:20,1
DA:21,1
DA:22,2
DA:23,1
DA:24,0
LF:12
LH:7
end_of_record
SF:lib/redux/authentication/state.dart
DA:9,1
DA:16,1
DA:21,1
DA:22,1
DA:23,2
LF:5
LH:5
end_of_record
SF:lib/redux/user/actions.dart
DA:13,1
DA:17,0
DA:20,0
DA:31,0
LF:4
LH:1
end_of_record
SF:lib/redux/user/reducer.dart
DA:4,0
DA:5,0
DA:6,0
LF:3
LH:0
end_of_record
SF:lib/main.dart
DA:13,0
DA:14,0
DA:16,0
DA:17,0
DA:18,0
DA:19,0
DA:22,0
DA:24,0
DA:27,0
DA:33,0
DA:35,0
DA:37,0
DA:38,0
DA:39,0
DA:41,0
DA:42,0
DA:43,0
DA:44,0
DA:45,0
LF:19
LH:0
end_of_record
SF:lib/pages/auth/login.dart
DA:11,0
DA:13,0
DA:14,0
DA:15,0
DA:16,0
DA:17,0
DA:18,0
DA:19,0
DA:20,0
DA:21,0
DA:24,0
DA:25,0
DA:26,0
DA:27,0
DA:35,0
DA:37,0
DA:38,0
DA:43,0
DA:45,0
DA:47,0
DA:48,0
DA:49,0
DA:50,0
DA:51,0
DA:53,0
DA:59,0
DA:60,0
DA:61,0
DA:62,0
DA:63,0
DA:65,0
DA:66,0
DA:78,0
DA:89,0
DA:91,0
DA:93,0
DA:94,0
DA:95,0
DA:97,0
DA:98,0
DA:102,0
DA:103,0
DA:104,0
DA:106,0
LF:44
LH:0
end_of_record
SF:lib/pages/auth/online_login.dart
DA:16,0
DA:18,0
DA:19,0
DA:20,0
DA:21,0
DA:22,0
DA:23,0
DA:24,0
DA:25,0
DA:26,0
DA:29,0
DA:37,0
DA:39,0
DA:40,0
DA:47,0
DA:49,0
DA:51,0
DA:52,0
DA:55,0
DA:58,0
DA:59,0
DA:60,0
DA:61,0
DA:62,0
DA:63,0
DA:64,0
DA:65,0
DA:66,0
DA:68,0
DA:84,0
LF:30
LH:0
end_of_record
SF:lib/pages/home.dart
DA:10,0
DA:11,0
DA:18,0
DA:20,0
DA:21,0
DA:22,0
DA:23,0
DA:24,0
DA:26,0
DA:27,0
DA:30,0
DA:31,0
DA:32,0
DA:35,0
DA:36,0
LF:15
LH:0
end_of_record
SF:lib/widgets/button.dart
DA:10,0
DA:12,0
DA:13,0
DA:14,0
DA:16,0
DA:23,0
DA:24,0
DA:25,0
DA:27,0
DA:34,0
DA:36,0
DA:37,0
DA:39,0
DA:41,0
DA:42,0
DA:43,0
DA:48,1
DA:49,1
DA:50,1
LF:19
LH:3
end_of_record
SF:lib/widgets/scibble_app_bar.dart
DA:13,0
DA:15,0
DA:17,0
DA:18,0
DA:19,0
DA:20,0
DA:22,0
DA:30,0
DA:32,0
DA:34,0
DA:35,0
DA:37,0
DA:38,0
DA:47,0
LF:14
LH:0
end_of_record
SF:lib/pages/barcode.dart
DA:4,0
DA:6,0
LF:2
LH:0
end_of_record
SF:lib/pages/inventory.dart
DA:4,0
DA:6,0
LF:2
LH:0
end_of_record
SF:lib/widgets/hamburger.dart
DA:4,0
DA:6,0
DA:10,0
DA:12,0
DA:13,0
DA:14,0
DA:15,0
DA:17,0
DA:18,0
DA:19,0
DA:24,0
DA:27,0
DA:28,0
DA:29,0
DA:34,0
DA:37,0
DA:38,0
DA:39,0
DA:44,0
LF:19
LH:0
end_of_record
